[0m14:09:26.045432 [debug] [MainThread]: Sending event: {'category': 'dbt', 'action': 'invocation', 'label': 'start', 'context': [<snowplow_tracker.self_describing_json.SelfDescribingJson object at 0x0000021B75FC1600>, <snowplow_tracker.self_describing_json.SelfDescribingJson object at 0x0000021B78323D30>, <snowplow_tracker.self_describing_json.SelfDescribingJson object at 0x0000021B765F37C0>]}


============================== 14:09:26.051437 | 27491d95-9bc0-46f3-9a44-241616cc4ecc ==============================
[0m14:09:26.051437 [info ] [MainThread]: Running with dbt=1.8.7
[0m14:09:26.053972 [debug] [MainThread]: running dbt with arguments {'printer_width': '80', 'indirect_selection': 'eager', 'write_json': 'True', 'log_cache_events': 'False', 'partial_parse': 'True', 'cache_selected_only': 'False', 'warn_error': 'None', 'debug': 'False', 'fail_fast': 'False', 'log_path': 'logs', 'version_check': 'True', 'profiles_dir': 'C:\\Users\\brend\\.dbt', 'use_colors': 'True', 'use_experimental_parser': 'False', 'no_print': 'None', 'quiet': 'False', 'empty': 'None', 'log_format': 'default', 'introspect': 'True', 'warn_error_options': 'WarnErrorOptions(include=[], exclude=[])', 'static_parser': 'True', 'target_path': 'None', 'invocation_command': 'dbt init netflix_project', 'send_anonymous_usage_stats': 'True'}
[0m14:09:26.089151 [warn ] [MainThread]: [ConfigFolderDirectory]: Unable to parse logging event dictionary. Failed to parse dir field: expected string or bytes-like object.. Dictionary: {'dir': WindowsPath('C:/Users/brend/.dbt')}
[0m14:09:26.090146 [info ] [MainThread]: Creating dbt configuration folder at 
[0m14:09:26.093664 [debug] [MainThread]: Starter project path: C:\Users\brend\AppData\Local\Programs\Python\Python310\lib\site-packages\dbt\include\starter_project
[0m14:09:26.170040 [info ] [MainThread]: 
Your new dbt project "netflix_project" was created!

For more information on how to configure the profiles.yml file,
please consult the dbt documentation here:

  https://docs.getdbt.com/docs/configure-your-profile

One more thing:

Need help? Don't hesitate to reach out to us via GitHub issues or on Slack:

  https://community.getdbt.com/

Happy modeling!

[0m14:09:26.171038 [info ] [MainThread]: Setting up your profile.
[0m14:13:19.103589 [info ] [MainThread]: Profile netflix_project written to C:\Users\brend\.dbt\profiles.yml using target's profile_template.yml and your supplied values. Run 'dbt debug' to validate the connection.
[0m14:13:19.106604 [debug] [MainThread]: Command `dbt init` succeeded at 14:13:19.106604 after 233.25 seconds
[0m14:13:19.107597 [debug] [MainThread]: Sending event: {'category': 'dbt', 'action': 'invocation', 'label': 'end', 'context': [<snowplow_tracker.self_describing_json.SelfDescribingJson object at 0x0000021B75FC1600>, <snowplow_tracker.self_describing_json.SelfDescribingJson object at 0x0000021B765F37C0>, <snowplow_tracker.self_describing_json.SelfDescribingJson object at 0x0000021B787EA6E0>]}
[0m14:13:19.108597 [debug] [MainThread]: Flushing usage events
[0m14:14:41.356636 [debug] [MainThread]: Sending event: {'category': 'dbt', 'action': 'invocation', 'label': 'start', 'context': [<snowplow_tracker.self_describing_json.SelfDescribingJson object at 0x000001CE015A5480>, <snowplow_tracker.self_describing_json.SelfDescribingJson object at 0x000001CE03D130D0>, <snowplow_tracker.self_describing_json.SelfDescribingJson object at 0x000001CE03D13700>]}


============================== 14:14:41.362155 | e67f6939-17ff-400e-bc3f-9e9f9a99b4ac ==============================
[0m14:14:41.362155 [info ] [MainThread]: Running with dbt=1.8.7
[0m14:14:41.364157 [debug] [MainThread]: running dbt with arguments {'printer_width': '80', 'indirect_selection': 'eager', 'log_cache_events': 'False', 'write_json': 'True', 'partial_parse': 'True', 'cache_selected_only': 'False', 'profiles_dir': 'C:\\Users\\brend\\.dbt', 'version_check': 'True', 'debug': 'False', 'log_path': 'logs', 'fail_fast': 'False', 'warn_error': 'None', 'use_colors': 'True', 'use_experimental_parser': 'False', 'no_print': 'None', 'quiet': 'False', 'empty': 'None', 'log_format': 'default', 'static_parser': 'True', 'introspect': 'True', 'warn_error_options': 'WarnErrorOptions(include=[], exclude=[])', 'target_path': 'None', 'invocation_command': 'dbt debug', 'send_anonymous_usage_stats': 'True'}
[0m14:14:41.394741 [info ] [MainThread]: dbt version: 1.8.7
[0m14:14:41.396256 [info ] [MainThread]: python version: 3.10.1
[0m14:14:41.396256 [info ] [MainThread]: python path: C:\Users\brend\AppData\Local\Programs\Python\Python310\python.exe
[0m14:14:41.397269 [info ] [MainThread]: os info: Windows-10-10.0.22631-SP0
[0m14:14:42.758550 [info ] [MainThread]: Using profiles dir at C:\Users\brend\.dbt
[0m14:14:42.759560 [info ] [MainThread]: Using profiles.yml file at C:\Users\brend\.dbt\profiles.yml
[0m14:14:42.759560 [info ] [MainThread]: Using dbt_project.yml file at C:\Users\brend\Downloads\impacta\DBT\dbt_project.yml
[0m14:14:42.762084 [info ] [MainThread]: adapter type: snowflake
[0m14:14:42.763080 [info ] [MainThread]: adapter version: 1.8.4
[0m14:14:42.764080 [info ] [MainThread]: Configuration:
[0m14:14:42.764080 [info ] [MainThread]:   profiles.yml file [[32mOK found and valid[0m]
[0m14:14:42.766596 [info ] [MainThread]:   dbt_project.yml file [[31mERROR not found[0m]
[0m14:14:42.767598 [info ] [MainThread]: Required dependencies:
[0m14:14:42.769603 [debug] [MainThread]: Executing "git --help"
[0m14:14:44.823891 [debug] [MainThread]: STDOUT: "b"usage: git [--version] [--help] [-C <path>] [-c <name>=<value>]\n           [--exec-path[=<path>]] [--html-path] [--man-path] [--info-path]\n           [-p | --paginate | -P | --no-pager] [--no-replace-objects] [--bare]\n           [--git-dir=<path>] [--work-tree=<path>] [--namespace=<name>]\n           [--super-prefix=<path>] [--config-env=<name>=<envvar>]\n           <command> [<args>]\n\nThese are common Git commands used in various situations:\n\nstart a working area (see also: git help tutorial)\n   clone             Clone a repository into a new directory\n   init              Create an empty Git repository or reinitialize an existing one\n\nwork on the current change (see also: git help everyday)\n   add               Add file contents to the index\n   mv                Move or rename a file, a directory, or a symlink\n   restore           Restore working tree files\n   rm                Remove files from the working tree and from the index\n   sparse-checkout   Initialize and modify the sparse-checkout\n\nexamine the history and state (see also: git help revisions)\n   bisect            Use binary search to find the commit that introduced a bug\n   diff              Show changes between commits, commit and working tree, etc\n   grep              Print lines matching a pattern\n   log               Show commit logs\n   show              Show various types of objects\n   status            Show the working tree status\n\ngrow, mark and tweak your common history\n   branch            List, create, or delete branches\n   commit            Record changes to the repository\n   merge             Join two or more development histories together\n   rebase            Reapply commits on top of another base tip\n   reset             Reset current HEAD to the specified state\n   switch            Switch branches\n   tag               Create, list, delete or verify a tag object signed with GPG\n\ncollaborate (see also: git help workflows)\n   fetch             Download objects and refs from another repository\n   pull              Fetch from and integrate with another repository or a local branch\n   push              Update remote refs along with associated objects\n\n'git help -a' and 'git help -g' list available subcommands and some\nconcept guides. See 'git help <command>' or 'git help <concept>'\nto read about a specific subcommand or concept.\nSee 'git help git' for an overview of the system.\n""
[0m14:14:44.824883 [debug] [MainThread]: STDERR: "b''"
[0m14:14:44.826398 [info ] [MainThread]:  - git [[32mOK found[0m]

[0m14:14:44.828434 [info ] [MainThread]: Connection:
[0m14:14:44.829417 [info ] [MainThread]:   account: sc79849.us-east4.gcp
[0m14:14:44.831416 [info ] [MainThread]:   user: DBT_DMG
[0m14:14:44.833420 [info ] [MainThread]:   database: NETFLIX
[0m14:14:44.834419 [info ] [MainThread]:   warehouse: COMPUTE_WH
[0m14:14:44.836970 [info ] [MainThread]:   role: ACCOUNTADMIN
[0m14:14:44.837962 [info ] [MainThread]:   schema: public
[0m14:14:44.839980 [info ] [MainThread]:   authenticator: None
[0m14:14:44.840984 [info ] [MainThread]:   oauth_client_id: None
[0m14:14:44.841977 [info ] [MainThread]:   query_tag: None
[0m14:14:44.842976 [info ] [MainThread]:   client_session_keep_alive: False
[0m14:14:44.843977 [info ] [MainThread]:   host: None
[0m14:14:44.844975 [info ] [MainThread]:   port: None
[0m14:14:44.847006 [info ] [MainThread]:   proxy_host: None
[0m14:14:44.848023 [info ] [MainThread]:   proxy_port: None
[0m14:14:44.850023 [info ] [MainThread]:   protocol: None
[0m14:14:44.852021 [info ] [MainThread]:   connect_retries: 1
[0m14:14:44.853024 [info ] [MainThread]:   connect_timeout: None
[0m14:14:44.854023 [info ] [MainThread]:   retry_on_database_errors: False
[0m14:14:44.855538 [info ] [MainThread]:   retry_all: False
[0m14:14:44.856565 [info ] [MainThread]:   insecure_mode: False
[0m14:14:44.857570 [info ] [MainThread]:   reuse_connections: None
[0m14:14:44.859557 [info ] [MainThread]: Registered adapter: snowflake=1.8.4
[0m14:14:44.861070 [debug] [MainThread]: Acquiring new snowflake connection 'debug'
[0m14:14:44.863081 [debug] [MainThread]: Using snowflake connection "debug"
[0m14:14:44.864081 [debug] [MainThread]: On debug: select 1 as id
[0m14:14:44.865684 [debug] [MainThread]: Opening a new connection, currently in state init
[0m14:14:47.782436 [debug] [MainThread]: SQL status: SUCCESS 1 in 2.917 seconds
[0m14:14:47.784441 [debug] [MainThread]: On debug: Close
[0m14:14:48.135730 [info ] [MainThread]:   Connection test: [[32mOK connection ok[0m]

[0m14:14:48.137836 [info ] [MainThread]: [31m1 check failed:[0m
[0m14:14:48.138847 [info ] [MainThread]: Project loading failed for the following reason:
 project path <C:\Users\brend\Downloads\impacta\DBT\dbt_project.yml> not found

[0m14:14:48.140839 [debug] [MainThread]: Command `dbt debug` failed at 14:14:48.139841 after 6.99 seconds
[0m14:14:48.140839 [debug] [MainThread]: Connection 'debug' was properly closed.
[0m14:14:48.141835 [debug] [MainThread]: Sending event: {'category': 'dbt', 'action': 'invocation', 'label': 'end', 'context': [<snowplow_tracker.self_describing_json.SelfDescribingJson object at 0x000001CE015A5480>, <snowplow_tracker.self_describing_json.SelfDescribingJson object at 0x000001CE148E1630>, <snowplow_tracker.self_describing_json.SelfDescribingJson object at 0x000001CE14BA3250>]}
[0m14:14:48.142835 [debug] [MainThread]: Flushing usage events
